<?xml version="1.0" encoding="UTF-8"?>
<testsuite name="EndangeredAnimalTest" tests="1" skipped="0" failures="0" errors="0" timestamp="2021-08-26T05:57:12" hostname="kepha-g1" time="1.55">
  <properties/>
  <testcase name="ensureEntryIsUpdatedCorrectly" classname="EndangeredAnimalTest" time="1.55"/>
  <system-out><![CDATA[]]></system-out>
  <system-err><![CDATA[]]></system-err>
</testsuite>
